# JRE version: Java(TM) SE Runtime Environment (8.0_65-b17) (build 1.8.0_65-b17)
# Java VM: Java HotSpot(TM) 64-Bit Server VM (25.65-b01 mixed mode windows-amd64 compressed oops)
Heap:
 PSYoungGen      total 123904K, used 87387K [0x00000000d5e00000, 0x00000000de600000, 0x0000000100000000)
  eden space 108544K, 67% used [0x00000000d5e00000,0x00000000da591a38,0x00000000dc800000)
  from space 15360K, 91% used [0x00000000dc800000,0x00000000dd5c5530,0x00000000dd700000)
  to   space 13824K, 0% used [0x00000000dd880000,0x00000000dd880000,0x00000000de600000)
 ParOldGen       total 69632K, used 16508K [0x0000000081a00000, 0x0000000085e00000, 0x00000000d5e00000)
  object space 69632K, 23% used [0x0000000081a00000,0x0000000082a1f0d8,0x0000000085e00000)
 Metaspace       used 33680K, capacity 34764K, committed 34944K, reserved 1081344K
  class space    used 4422K, capacity 4691K, committed 4736K, reserved 1048576K
GC Heap History (10 events):
Event: 59.983 GC heap before
{Heap before GC invocations=6 (full 0):
 PSYoungGen      total 38400K, used 24987K [0x00000000d5e00000, 0x00000000dbd00000, 0x0000000100000000)
  eden space 33280K, 59% used [0x00000000d5e00000,0x00000000d716e538,0x00000000d7e80000)
  from space 5120K, 99% used [0x00000000d7e80000,0x00000000d8378778,0x00000000d8380000)
  to   space 15360K, 0% used [0x00000000dae00000,0x00000000dae00000,0x00000000dbd00000)
 ParOldGen       total 87552K, used 20053K [0x0000000081a00000, 0x0000000086f80000, 0x00000000d5e00000)
  object space 87552K, 22% used [0x0000000081a00000,0x0000000082d95658,0x0000000086f80000)
 Metaspace       used 20676K, capacity 21194K, committed 21296K, reserved 1067008K
  class space    used 2700K, capacity 2867K, committed 2944K, reserved 1048576K
Event: 60.087 GC heap after
Heap after GC invocations=6 (full 0):
 PSYoungGen      total 80896K, used 7438K [0x00000000d5e00000, 0x00000000dbc00000, 0x0000000100000000)
  eden space 66560K, 0% used [0x00000000d5e00000,0x00000000d5e00000,0x00000000d9f00000)
  from space 14336K, 51% used [0x00000000dae00000,0x00000000db543898,0x00000000dbc00000)
  to   space 14848K, 0% used [0x00000000d9f00000,0x00000000d9f00000,0x00000000dad80000)
 ParOldGen       total 87552K, used 20053K [0x0000000081a00000, 0x0000000086f80000, 0x00000000d5e00000)
  object space 87552K, 22% used [0x0000000081a00000,0x0000000082d95658,0x0000000086f80000)
 Metaspace       used 20676K, capacity 21194K, committed 21296K, reserved 1067008K
  class space    used 2700K, capacity 2867K, committed 2944K, reserved 1048576K
}
Event: 60.087 GC heap before
{Heap before GC invocations=7 (full 1):
 PSYoungGen      total 80896K, used 7438K [0x00000000d5e00000, 0x00000000dbc00000, 0x0000000100000000)
  eden space 66560K, 0% used [0x00000000d5e00000,0x00000000d5e00000,0x00000000d9f00000)
  from space 14336K, 51% used [0x00000000dae00000,0x00000000db543898,0x00000000dbc00000)
  to   space 14848K, 0% used [0x00000000d9f00000,0x00000000d9f00000,0x00000000dad80000)
 ParOldGen       total 87552K, used 20053K [0x0000000081a00000, 0x0000000086f80000, 0x00000000d5e00000)
  object space 87552K, 22% used [0x0000000081a00000,0x0000000082d95658,0x0000000086f80000)
 Metaspace       used 20676K, capacity 21194K, committed 21296K, reserved 1067008K
  class space    used 2700K, capacity 2867K, committed 2944K, reserved 1048576K
Event: 60.819 GC heap after
Heap after GC invocations=7 (full 1):
 PSYoungGen      total 80896K, used 0K [0x00000000d5e00000, 0x00000000dbc00000, 0x0000000100000000)
  eden space 66560K, 0% used [0x00000000d5e00000,0x00000000d5e00000,0x00000000d9f00000)
  from space 14336K, 0% used [0x00000000dae00000,0x00000000dae00000,0x00000000dbc00000)
  to   space 14848K, 0% used [0x00000000d9f00000,0x00000000d9f00000,0x00000000dad80000)
 ParOldGen       total 69632K, used 16484K [0x0000000081a00000, 0x0000000085e00000, 0x00000000d5e00000)
  object space 69632K, 23% used [0x0000000081a00000,0x0000000082a190d8,0x0000000085e00000)
 Metaspace       used 20676K, capacity 21194K, committed 21296K, reserved 1067008K
  class space    used 2700K, capacity 2867K, committed 2944K, reserved 1048576K
}
Event: 67.361 GC heap before
{Heap before GC invocations=8 (full 1):
 PSYoungGen      total 80896K, used 66560K [0x00000000d5e00000, 0x00000000dbc00000, 0x0000000100000000)
  eden space 66560K, 100% used [0x00000000d5e00000,0x00000000d9f00000,0x00000000d9f00000)
  from space 14336K, 0% used [0x00000000dae00000,0x00000000dae00000,0x00000000dbc00000)
  to   space 14848K, 0% used [0x00000000d9f00000,0x00000000d9f00000,0x00000000dad80000)
 ParOldGen       total 69632K, used 16484K [0x0000000081a00000, 0x0000000085e00000, 0x00000000d5e00000)
  object space 69632K, 23% used [0x0000000081a00000,0x0000000082a190d8,0x0000000085e00000)
 Metaspace       used 27011K, capacity 27718K, committed 27776K, reserved 1073152K
  class space    used 3479K, capacity 3671K, committed 3712K, reserved 1048576K
Event: 67.419 GC heap after
Heap after GC invocations=8 (full 1):
 PSYoungGen      total 81408K, used 11140K [0x00000000d5e00000, 0x00000000de780000, 0x0000000100000000)
  eden space 66560K, 0% used [0x00000000d5e00000,0x00000000d5e00000,0x00000000d9f00000)
  from space 14848K, 75% used [0x00000000d9f00000,0x00000000da9e1158,0x00000000dad80000)
  to   space 15360K, 0% used [0x00000000dd880000,0x00000000dd880000,0x00000000de780000)
 ParOldGen       total 69632K, used 16492K [0x0000000081a00000, 0x0000000085e00000, 0x00000000d5e00000)
  object space 69632K, 23% used [0x0000000081a00000,0x0000000082a1b0d8,0x0000000085e00000)
 Metaspace       used 27011K, capacity 27718K, committed 27776K, reserved 1073152K
  class space    used 3479K, capacity 3671K, committed 3712K, reserved 1048576K
}
Event: 70.912 GC heap before
{Heap before GC invocations=9 (full 1):
 PSYoungGen      total 81408K, used 77700K [0x00000000d5e00000, 0x00000000de780000, 0x0000000100000000)
  eden space 66560K, 100% used [0x00000000d5e00000,0x00000000d9f00000,0x00000000d9f00000)
  from space 14848K, 75% used [0x00000000d9f00000,0x00000000da9e1158,0x00000000dad80000)
  to   space 15360K, 0% used [0x00000000dd880000,0x00000000dd880000,0x00000000de780000)
 ParOldGen       total 69632K, used 16492K [0x0000000081a00000, 0x0000000085e00000, 0x00000000d5e00000)
  object space 69632K, 23% used [0x0000000081a00000,0x0000000082a1b0d8,0x0000000085e00000)
 Metaspace       used 28560K, capacity 29410K, committed 29568K, reserved 1075200K
  class space    used 3680K, capacity 3853K, committed 3968K, reserved 1048576K
Event: 70.958 GC heap after
Heap after GC invocations=9 (full 1):
 PSYoungGen      total 122368K, used 11277K [0x00000000d5e00000, 0x00000000de600000, 0x0000000100000000)
  eden space 108544K, 0% used [0x00000000d5e00000,0x00000000d5e00000,0x00000000dc800000)
  from space 13824K, 81% used [0x00000000dd880000,0x00000000de383558,0x00000000de600000)
  to   space 15360K, 0% used [0x00000000dc800000,0x00000000dc800000,0x00000000dd700000)
 ParOldGen       total 69632K, used 16500K [0x0000000081a00000, 0x0000000085e00000, 0x00000000d5e00000)
  object space 69632K, 23% used [0x0000000081a00000,0x0000000082a1d0d8,0x0000000085e00000)
 Metaspace       used 28560K, capacity 29410K, committed 29568K, reserved 1075200K
  class space    used 3680K, capacity 3853K, committed 3968K, reserved 1048576K
}
Event: 74.946 GC heap before
{Heap before GC invocations=10 (full 1):
 PSYoungGen      total 122368K, used 119821K [0x00000000d5e00000, 0x00000000de600000, 0x0000000100000000)
  eden space 108544K, 100% used [0x00000000d5e00000,0x00000000dc800000,0x00000000dc800000)
  from space 13824K, 81% used [0x00000000dd880000,0x00000000de383558,0x00000000de600000)
  to   space 15360K, 0% used [0x00000000dc800000,0x00000000dc800000,0x00000000dd700000)
 ParOldGen       total 69632K, used 16500K [0x0000000081a00000, 0x0000000085e00000, 0x00000000d5e00000)
  object space 69632K, 23% used [0x0000000081a00000,0x0000000082a1d0d8,0x0000000085e00000)
 Metaspace       used 29768K, capacity 30698K, committed 30976K, reserved 1077248K
  class space    used 3841K, capacity 4060K, committed 4096K, reserved 1048576K
Event: 75.006 GC heap after
Heap after GC invocations=10 (full 1):
 PSYoungGen      total 123904K, used 14101K [0x00000000d5e00000, 0x00000000de600000, 0x0000000100000000)
  eden space 108544K, 0% used [0x00000000d5e00000,0x00000000d5e00000,0x00000000dc800000)
  from space 15360K, 91% used [0x00000000dc800000,0x00000000dd5c5530,0x00000000dd700000)
  to   space 13824K, 0% used [0x00000000dd880000,0x00000000dd880000,0x00000000de600000)
 ParOldGen       total 69632K, used 16508K [0x0000000081a00000, 0x0000000085e00000, 0x00000000d5e00000)
  object space 69632K, 23% used [0x0000000081a00000,0x0000000082a1f0d8,0x0000000085e00000)
 Metaspace       used 29768K, capacity 30698K, committed 30976K, reserved 1077248K
  class space    used 3841K, capacity 4060K, committed 4096K, reserved 1048576K
}

